<?xml version="1.0" encoding="UTF-8"?>
<coverage generated="1546249331923" clover="3.2.0">
  <project timestamp="1546249331923" name="All files">
    <metrics statements="60" coveredstatements="55" conditionals="8" coveredconditionals="6" methods="25" coveredmethods="22" elements="93" coveredelements="83" complexity="0" loc="60" ncloc="60" packages="14" files="15" classes="15">
      <package name="actions">
        <metrics statements="2" coveredstatements="2" conditionals="0" coveredconditionals="0" methods="0" coveredmethods="0"/>
        <file name="actionTypes.js" path="/Users/judeinno/Desktop/Bootcamp projects/Lms-8.1/Challenge4-Bootcamp-Fronend/src/actions/actionTypes.js">
          <metrics statements="1" coveredstatements="1" conditionals="0" coveredconditionals="0" methods="0" coveredmethods="0"/>
          <line num="1" count="5" type="stmt"/>
        </file>
        <file name="swalAlerts.js" path="/Users/judeinno/Desktop/Bootcamp projects/Lms-8.1/Challenge4-Bootcamp-Fronend/src/actions/swalAlerts.js">
          <metrics statements="1" coveredstatements="1" conditionals="0" coveredconditionals="0" methods="0" coveredmethods="0"/>
          <line num="1" count="2" type="stmt"/>
        </file>
      </package>
      <package name="actions.signupActions">
        <metrics statements="13" coveredstatements="13" conditionals="0" coveredconditionals="0" methods="7" coveredmethods="7"/>
        <file name="index.js" path="/Users/judeinno/Desktop/Bootcamp projects/Lms-8.1/Challenge4-Bootcamp-Fronend/src/actions/signupActions/index.js">
          <metrics statements="13" coveredstatements="13" conditionals="0" coveredconditionals="0" methods="7" coveredmethods="7"/>
          <line num="4" count="3" type="stmt"/>
          <line num="9" count="3" type="stmt"/>
          <line num="14" count="3" type="stmt"/>
          <line num="19" count="4" type="stmt"/>
          <line num="20" count="3" type="stmt"/>
          <line num="23" count="3" type="stmt"/>
          <line num="24" count="3" type="stmt"/>
          <line num="26" count="1" type="stmt"/>
          <line num="27" count="1" type="stmt"/>
          <line num="28" count="1" type="stmt"/>
          <line num="30" count="1" type="stmt"/>
          <line num="31" count="1" type="stmt"/>
          <line num="32" count="1" type="stmt"/>
        </file>
      </package>
      <package name="commons">
        <metrics statements="0" coveredstatements="0" conditionals="0" coveredconditionals="0" methods="0" coveredmethods="0"/>
        <file name="history.js" path="/Users/judeinno/Desktop/Bootcamp projects/Lms-8.1/Challenge4-Bootcamp-Fronend/src/commons/history.js">
          <metrics statements="0" coveredstatements="0" conditionals="0" coveredconditionals="0" methods="0" coveredmethods="0"/>
        </file>
      </package>
      <package name="components.App">
        <metrics statements="2" coveredstatements="2" conditionals="0" coveredconditionals="0" methods="1" coveredmethods="1"/>
        <file name="index.js" path="/Users/judeinno/Desktop/Bootcamp projects/Lms-8.1/Challenge4-Bootcamp-Fronend/src/components/App/index.js">
          <metrics statements="2" coveredstatements="2" conditionals="0" coveredconditionals="0" methods="1" coveredmethods="1"/>
          <line num="10" count="1" type="stmt"/>
          <line num="11" count="1" type="stmt"/>
        </file>
      </package>
      <package name="components.Footer">
        <metrics statements="2" coveredstatements="2" conditionals="0" coveredconditionals="0" methods="1" coveredmethods="1"/>
        <file name="index.js" path="/Users/judeinno/Desktop/Bootcamp projects/Lms-8.1/Challenge4-Bootcamp-Fronend/src/components/Footer/index.js">
          <metrics statements="2" coveredstatements="2" conditionals="0" coveredconditionals="0" methods="1" coveredmethods="1"/>
          <line num="4" count="2" type="stmt"/>
          <line num="5" count="1" type="stmt"/>
        </file>
      </package>
      <package name="components.Home">
        <metrics statements="2" coveredstatements="2" conditionals="0" coveredconditionals="0" methods="1" coveredmethods="1"/>
        <file name="index.js" path="/Users/judeinno/Desktop/Bootcamp projects/Lms-8.1/Challenge4-Bootcamp-Fronend/src/components/Home/index.js">
          <metrics statements="2" coveredstatements="2" conditionals="0" coveredconditionals="0" methods="1" coveredmethods="1"/>
          <line num="3" count="2" type="stmt"/>
          <line num="4" count="1" type="stmt"/>
        </file>
      </package>
      <package name="components.header">
        <metrics statements="2" coveredstatements="2" conditionals="0" coveredconditionals="0" methods="1" coveredmethods="1"/>
        <file name="index.js" path="/Users/judeinno/Desktop/Bootcamp projects/Lms-8.1/Challenge4-Bootcamp-Fronend/src/components/header/index.js">
          <metrics statements="2" coveredstatements="2" conditionals="0" coveredconditionals="0" methods="1" coveredmethods="1"/>
          <line num="4" count="2" type="stmt"/>
          <line num="5" count="1" type="stmt"/>
        </file>
      </package>
      <package name="components.login">
        <metrics statements="3" coveredstatements="3" conditionals="0" coveredconditionals="0" methods="1" coveredmethods="1"/>
        <file name="index.js" path="/Users/judeinno/Desktop/Bootcamp projects/Lms-8.1/Challenge4-Bootcamp-Fronend/src/components/login/index.js">
          <metrics statements="3" coveredstatements="3" conditionals="0" coveredconditionals="0" methods="1" coveredmethods="1"/>
          <line num="5" count="2" type="stmt"/>
          <line num="6" count="1" type="stmt"/>
          <line num="11" count="2" type="stmt"/>
        </file>
      </package>
      <package name="components.signup">
        <metrics statements="3" coveredstatements="3" conditionals="0" coveredconditionals="0" methods="1" coveredmethods="1"/>
        <file name="index.js" path="/Users/judeinno/Desktop/Bootcamp projects/Lms-8.1/Challenge4-Bootcamp-Fronend/src/components/signup/index.js">
          <metrics statements="3" coveredstatements="3" conditionals="0" coveredconditionals="0" methods="1" coveredmethods="1"/>
          <line num="5" count="3" type="stmt"/>
          <line num="6" count="4" type="stmt"/>
          <line num="51" count="3" type="stmt"/>
        </file>
      </package>
      <package name="containers.LoginPage">
        <metrics statements="4" coveredstatements="2" conditionals="0" coveredconditionals="0" methods="2" coveredmethods="0"/>
        <file name="index.js" path="/Users/judeinno/Desktop/Bootcamp projects/Lms-8.1/Challenge4-Bootcamp-Fronend/src/containers/LoginPage/index.js">
          <metrics statements="4" coveredstatements="2" conditionals="0" coveredconditionals="0" methods="2" coveredmethods="0"/>
          <line num="8" count="0" type="stmt"/>
          <line num="9" count="0" type="stmt"/>
          <line num="15" count="1" type="stmt"/>
          <line num="19" count="1" type="stmt"/>
        </file>
      </package>
      <package name="containers.SignUpPage">
        <metrics statements="12" coveredstatements="12" conditionals="0" coveredconditionals="0" methods="7" coveredmethods="7"/>
        <file name="index.js" path="/Users/judeinno/Desktop/Bootcamp projects/Lms-8.1/Challenge4-Bootcamp-Fronend/src/containers/SignUpPage/index.js">
          <metrics statements="12" coveredstatements="12" conditionals="0" coveredconditionals="0" methods="7" coveredmethods="7"/>
          <line num="9" count="1" type="stmt"/>
          <line num="10" count="1" type="stmt"/>
          <line num="11" count="1" type="stmt"/>
          <line num="18" count="1" type="stmt"/>
          <line num="19" count="1" type="stmt"/>
          <line num="20" count="1" type="stmt"/>
          <line num="24" count="3" type="stmt"/>
          <line num="33" count="2" type="stmt"/>
          <line num="39" count="3" type="stmt"/>
          <line num="43" count="4" type="stmt"/>
          <line num="44" count="2" type="stmt"/>
          <line num="45" count="1" type="stmt"/>
        </file>
      </package>
      <package name="reducers">
        <metrics statements="1" coveredstatements="1" conditionals="0" coveredconditionals="0" methods="0" coveredmethods="0"/>
        <file name="index.js" path="/Users/judeinno/Desktop/Bootcamp projects/Lms-8.1/Challenge4-Bootcamp-Fronend/src/reducers/index.js">
          <metrics statements="1" coveredstatements="1" conditionals="0" coveredconditionals="0" methods="0" coveredmethods="0"/>
          <line num="5" count="1" type="stmt"/>
        </file>
      </package>
      <package name="reducers.loginReducer">
        <metrics statements="4" coveredstatements="3" conditionals="3" coveredconditionals="2" methods="1" coveredmethods="1"/>
        <file name="index.js" path="/Users/judeinno/Desktop/Bootcamp projects/Lms-8.1/Challenge4-Bootcamp-Fronend/src/reducers/loginReducer/index.js">
          <metrics statements="4" coveredstatements="3" conditionals="3" coveredconditionals="2" methods="1" coveredmethods="1"/>
          <line num="4" count="1" type="cond" truecount="1" falsecount="0"/>
          <line num="5" count="3" type="cond" truecount="1" falsecount="1"/>
          <line num="7" count="0" type="stmt"/>
          <line num="9" count="3" type="stmt"/>
        </file>
      </package>
      <package name="reducers.signupReducer">
        <metrics statements="10" coveredstatements="8" conditionals="5" coveredconditionals="4" methods="2" coveredmethods="1"/>
        <file name="index.js" path="/Users/judeinno/Desktop/Bootcamp projects/Lms-8.1/Challenge4-Bootcamp-Fronend/src/reducers/signupReducer/index.js">
          <metrics statements="10" coveredstatements="8" conditionals="5" coveredconditionals="4" methods="2" coveredmethods="1"/>
          <line num="5" count="2" type="stmt"/>
          <line num="8" count="2" type="cond" truecount="1" falsecount="0"/>
          <line num="9" count="6" type="cond" truecount="3" falsecount="1"/>
          <line num="11" count="1" type="stmt"/>
          <line num="12" count="1" type="stmt"/>
          <line num="13" count="1" type="stmt"/>
          <line num="16" count="0" type="stmt"/>
          <line num="17" count="0" type="stmt"/>
          <line num="20" count="1" type="stmt"/>
          <line num="23" count="4" type="stmt"/>
        </file>
      </package>
    </metrics>
  </project>
</coverage>
