{"/Users/judeinno/Desktop/Bootcamp projects/Lms-8.1/Challenge4-Bootcamp-Fronend/src/actions/actionTypes.js": {"path":"/Users/judeinno/Desktop/Bootcamp projects/Lms-8.1/Challenge4-Bootcamp-Fronend/src/actions/actionTypes.js","statementMap":{"0":{"start":{"line":1,"column":20},"end":{"line":6,"column":1}}},"fnMap":{},"branchMap":{},"s":{"0":5},"f":{},"b":{},"_coverageSchema":"332fd63041d2c1bcb487cc26dd0d5f7d97098a6c","hash":"44fc0f7334409cfb1007ce0cd98c2321ae660b3f"}
,"/Users/judeinno/Desktop/Bootcamp projects/Lms-8.1/Challenge4-Bootcamp-Fronend/src/actions/swalAlerts.js": {"path":"/Users/judeinno/Desktop/Bootcamp projects/Lms-8.1/Challenge4-Bootcamp-Fronend/src/actions/swalAlerts.js","statementMap":{"0":{"start":{"line":1,"column":21},"end":{"line":18,"column":1}}},"fnMap":{},"branchMap":{},"s":{"0":2},"f":{},"b":{},"_coverageSchema":"332fd63041d2c1bcb487cc26dd0d5f7d97098a6c","hash":"089532144efac126fcd3b2ecb5bd93b2bd15a7fc"}
,"/Users/judeinno/Desktop/Bootcamp projects/Lms-8.1/Challenge4-Bootcamp-Fronend/src/actions/signupActions/index.js": {"path":"/Users/judeinno/Desktop/Bootcamp projects/Lms-8.1/Challenge4-Bootcamp-Fronend/src/actions/signupActions/index.js","statementMap":{"0":{"start":{"line":4,"column":26},"end":{"line":7,"column":2}},"1":{"start":{"line":4,"column":39},"end":{"line":7,"column":1}},"2":{"start":{"line":9,"column":29},"end":{"line":12,"column":2}},"3":{"start":{"line":9,"column":42},"end":{"line":12,"column":1}},"4":{"start":{"line":14,"column":29},"end":{"line":17,"column":2}},"5":{"start":{"line":14,"column":46},"end":{"line":17,"column":1}},"6":{"start":{"line":19,"column":27},"end":{"line":34,"column":1}},"7":{"start":{"line":19,"column":35},"end":{"line":34,"column":1}},"8":{"start":{"line":20,"column":19},"end":{"line":22,"column":3}},"9":{"start":{"line":23,"column":14},"end":{"line":23,"column":87}},"10":{"start":{"line":24,"column":2},"end":{"line":33,"column":7}},"11":{"start":{"line":26,"column":22},"end":{"line":26,"column":38}},"12":{"start":{"line":27,"column":6},"end":{"line":27,"column":46}},"13":{"start":{"line":28,"column":6},"end":{"line":28,"column":39}},"14":{"start":{"line":30,"column":24},"end":{"line":30,"column":43}},"15":{"start":{"line":31,"column":6},"end":{"line":31,"column":52}},"16":{"start":{"line":32,"column":6},"end":{"line":32,"column":41}}},"fnMap":{"0":{"name":"(anonymous_0)","decl":{"start":{"line":4,"column":26},"end":{"line":4,"column":27}},"loc":{"start":{"line":4,"column":39},"end":{"line":7,"column":1}},"line":4},"1":{"name":"(anonymous_1)","decl":{"start":{"line":9,"column":29},"end":{"line":9,"column":30}},"loc":{"start":{"line":9,"column":42},"end":{"line":12,"column":1}},"line":9},"2":{"name":"(anonymous_2)","decl":{"start":{"line":14,"column":29},"end":{"line":14,"column":30}},"loc":{"start":{"line":14,"column":46},"end":{"line":17,"column":1}},"line":14},"3":{"name":"(anonymous_3)","decl":{"start":{"line":19,"column":27},"end":{"line":19,"column":28}},"loc":{"start":{"line":19,"column":35},"end":{"line":34,"column":1}},"line":19},"4":{"name":"(anonymous_4)","decl":{"start":{"line":19,"column":35},"end":{"line":19,"column":36}},"loc":{"start":{"line":19,"column":49},"end":{"line":34,"column":1}},"line":19},"5":{"name":"(anonymous_5)","decl":{"start":{"line":25,"column":10},"end":{"line":25,"column":11}},"loc":{"start":{"line":25,"column":19},"end":{"line":29,"column":5}},"line":25},"6":{"name":"(anonymous_6)","decl":{"start":{"line":29,"column":13},"end":{"line":29,"column":14}},"loc":{"start":{"line":29,"column":24},"end":{"line":33,"column":5}},"line":29}},"branchMap":{},"s":{"0":3,"1":1,"2":3,"3":2,"4":3,"5":1,"6":3,"7":4,"8":3,"9":3,"10":3,"11":1,"12":1,"13":1,"14":1,"15":1,"16":1},"f":{"0":1,"1":2,"2":1,"3":4,"4":3,"5":1,"6":1},"b":{},"_coverageSchema":"332fd63041d2c1bcb487cc26dd0d5f7d97098a6c","hash":"81fdc6b807fd1e73ccf6223070fbd5d264ccfd5f"}
,"/Users/judeinno/Desktop/Bootcamp projects/Lms-8.1/Challenge4-Bootcamp-Fronend/src/commons/history.js": {"path":"/Users/judeinno/Desktop/Bootcamp projects/Lms-8.1/Challenge4-Bootcamp-Fronend/src/commons/history.js","statementMap":{},"fnMap":{},"branchMap":{},"s":{},"f":{},"b":{},"_coverageSchema":"332fd63041d2c1bcb487cc26dd0d5f7d97098a6c","hash":"eed5cafefa86cab642dcc891c8f75ccc9b2c9fea"}
,"/Users/judeinno/Desktop/Bootcamp projects/Lms-8.1/Challenge4-Bootcamp-Fronend/src/components/App/index.js": {"path":"/Users/judeinno/Desktop/Bootcamp projects/Lms-8.1/Challenge4-Bootcamp-Fronend/src/components/App/index.js","statementMap":{"0":{"start":{"line":10,"column":12},"end":{"line":22,"column":1}},"1":{"start":{"line":11,"column":2},"end":{"line":21,"column":11}}},"fnMap":{"0":{"name":"(anonymous_0)","decl":{"start":{"line":10,"column":12},"end":{"line":10,"column":13}},"loc":{"start":{"line":11,"column":2},"end":{"line":21,"column":11}},"line":11}},"branchMap":{},"s":{"0":1,"1":1},"f":{"0":1},"b":{},"_coverageSchema":"332fd63041d2c1bcb487cc26dd0d5f7d97098a6c","hash":"b025facd7b7cd6702b877f177cdfe77d61334333"}
,"/Users/judeinno/Desktop/Bootcamp projects/Lms-8.1/Challenge4-Bootcamp-Fronend/src/components/Footer/index.js": {"path":"/Users/judeinno/Desktop/Bootcamp projects/Lms-8.1/Challenge4-Bootcamp-Fronend/src/components/Footer/index.js","statementMap":{"0":{"start":{"line":4,"column":15},"end":{"line":12,"column":1}},"1":{"start":{"line":5,"column":2},"end":{"line":11,"column":8}}},"fnMap":{"0":{"name":"(anonymous_0)","decl":{"start":{"line":4,"column":15},"end":{"line":4,"column":16}},"loc":{"start":{"line":5,"column":2},"end":{"line":11,"column":8}},"line":5}},"branchMap":{},"s":{"0":2,"1":1},"f":{"0":1},"b":{},"_coverageSchema":"332fd63041d2c1bcb487cc26dd0d5f7d97098a6c","hash":"9b806ec9ce2c9370b4723a624b96b4976b185600"}
,"/Users/judeinno/Desktop/Bootcamp projects/Lms-8.1/Challenge4-Bootcamp-Fronend/src/components/Home/index.js": {"path":"/Users/judeinno/Desktop/Bootcamp projects/Lms-8.1/Challenge4-Bootcamp-Fronend/src/components/Home/index.js","statementMap":{"0":{"start":{"line":3,"column":13},"end":{"line":7,"column":1}},"1":{"start":{"line":4,"column":2},"end":{"line":6,"column":8}}},"fnMap":{"0":{"name":"(anonymous_0)","decl":{"start":{"line":3,"column":13},"end":{"line":3,"column":14}},"loc":{"start":{"line":4,"column":2},"end":{"line":6,"column":8}},"line":4}},"branchMap":{},"s":{"0":2,"1":1},"f":{"0":1},"b":{},"_coverageSchema":"332fd63041d2c1bcb487cc26dd0d5f7d97098a6c","hash":"9afc471bd13cd736dc6ac57c43875077111520a0"}
,"/Users/judeinno/Desktop/Bootcamp projects/Lms-8.1/Challenge4-Bootcamp-Fronend/src/components/header/index.js": {"path":"/Users/judeinno/Desktop/Bootcamp projects/Lms-8.1/Challenge4-Bootcamp-Fronend/src/components/header/index.js","statementMap":{"0":{"start":{"line":4,"column":15},"end":{"line":44,"column":1}},"1":{"start":{"line":5,"column":2},"end":{"line":43,"column":8}}},"fnMap":{"0":{"name":"(anonymous_0)","decl":{"start":{"line":4,"column":15},"end":{"line":4,"column":16}},"loc":{"start":{"line":5,"column":2},"end":{"line":43,"column":8}},"line":5}},"branchMap":{},"s":{"0":2,"1":1},"f":{"0":1},"b":{},"_coverageSchema":"332fd63041d2c1bcb487cc26dd0d5f7d97098a6c","hash":"b9c469d468d2b659e893a32e8479265bb95b4a74"}
,"/Users/judeinno/Desktop/Bootcamp projects/Lms-8.1/Challenge4-Bootcamp-Fronend/src/components/login/index.js": {"path":"/Users/judeinno/Desktop/Bootcamp projects/Lms-8.1/Challenge4-Bootcamp-Fronend/src/components/login/index.js","statementMap":{"0":{"start":{"line":5,"column":14},"end":{"line":9,"column":1}},"1":{"start":{"line":6,"column":2},"end":{"line":8,"column":8}},"2":{"start":{"line":11,"column":0},"end":{"line":13,"column":2}}},"fnMap":{"0":{"name":"(anonymous_0)","decl":{"start":{"line":5,"column":14},"end":{"line":5,"column":15}},"loc":{"start":{"line":6,"column":2},"end":{"line":8,"column":8}},"line":6}},"branchMap":{},"s":{"0":2,"1":1,"2":2},"f":{"0":1},"b":{},"_coverageSchema":"332fd63041d2c1bcb487cc26dd0d5f7d97098a6c","hash":"15f157e9b44f61a388b3da3427e0ca53d1bf5d34"}
,"/Users/judeinno/Desktop/Bootcamp projects/Lms-8.1/Challenge4-Bootcamp-Fronend/src/components/signup/index.js": {"path":"/Users/judeinno/Desktop/Bootcamp projects/Lms-8.1/Challenge4-Bootcamp-Fronend/src/components/signup/index.js","statementMap":{"0":{"start":{"line":5,"column":15},"end":{"line":49,"column":1}},"1":{"start":{"line":6,"column":2},"end":{"line":48,"column":8}},"2":{"start":{"line":51,"column":0},"end":{"line":54,"column":2}}},"fnMap":{"0":{"name":"(anonymous_0)","decl":{"start":{"line":5,"column":15},"end":{"line":5,"column":16}},"loc":{"start":{"line":6,"column":2},"end":{"line":48,"column":8}},"line":6}},"branchMap":{},"s":{"0":3,"1":4,"2":3},"f":{"0":4},"b":{},"_coverageSchema":"332fd63041d2c1bcb487cc26dd0d5f7d97098a6c","hash":"531ec8dea7399a3f9a87b7ae9511a490bb7c67bb"}
,"/Users/judeinno/Desktop/Bootcamp projects/Lms-8.1/Challenge4-Bootcamp-Fronend/src/containers/LoginPage/index.js": {"path":"/Users/judeinno/Desktop/Bootcamp projects/Lms-8.1/Challenge4-Bootcamp-Fronend/src/containers/LoginPage/index.js","statementMap":{"0":{"start":{"line":8,"column":24},"end":{"line":8,"column":34}},"1":{"start":{"line":9,"column":4},"end":{"line":11,"column":6}},"2":{"start":{"line":15,"column":0},"end":{"line":17,"column":2}},"3":{"start":{"line":19,"column":24},"end":{"line":21,"column":2}},"4":{"start":{"line":19,"column":47},"end":{"line":21,"column":1}}},"fnMap":{"0":{"name":"(anonymous_0)","decl":{"start":{"line":7,"column":2},"end":{"line":7,"column":3}},"loc":{"start":{"line":7,"column":11},"end":{"line":12,"column":3}},"line":7},"1":{"name":"(anonymous_1)","decl":{"start":{"line":19,"column":24},"end":{"line":19,"column":25}},"loc":{"start":{"line":19,"column":47},"end":{"line":21,"column":1}},"line":19}},"branchMap":{},"s":{"0":0,"1":0,"2":1,"3":1,"4":0},"f":{"0":0,"1":0},"b":{},"_coverageSchema":"332fd63041d2c1bcb487cc26dd0d5f7d97098a6c","hash":"569bfaf3fd197f61fa9e9750c11b0cbd733bdbb4"}
,"/Users/judeinno/Desktop/Bootcamp projects/Lms-8.1/Challenge4-Bootcamp-Fronend/src/containers/SignUpPage/index.js": {"path":"/Users/judeinno/Desktop/Bootcamp projects/Lms-8.1/Challenge4-Bootcamp-Fronend/src/containers/SignUpPage/index.js","statementMap":{"0":{"start":{"line":9,"column":4},"end":{"line":9,"column":27}},"1":{"start":{"line":10,"column":46},"end":{"line":10,"column":56}},"2":{"start":{"line":11,"column":4},"end":{"line":14,"column":7}},"3":{"start":{"line":18,"column":4},"end":{"line":18,"column":27}},"4":{"start":{"line":19,"column":42},"end":{"line":19,"column":52}},"5":{"start":{"line":20,"column":4},"end":{"line":20,"column":45}},"6":{"start":{"line":24,"column":4},"end":{"line":29,"column":6}},"7":{"start":{"line":33,"column":0},"end":{"line":37,"column":2}},"8":{"start":{"line":39,"column":24},"end":{"line":41,"column":2}},"9":{"start":{"line":39,"column":48},"end":{"line":41,"column":1}},"10":{"start":{"line":43,"column":34},"end":{"line":46,"column":2}},"11":{"start":{"line":43,"column":47},"end":{"line":46,"column":1}},"12":{"start":{"line":44,"column":26},"end":{"line":44,"column":57}},"13":{"start":{"line":45,"column":30},"end":{"line":45,"column":60}}},"fnMap":{"0":{"name":"(anonymous_0)","decl":{"start":{"line":8,"column":17},"end":{"line":8,"column":18}},"loc":{"start":{"line":8,"column":28},"end":{"line":15,"column":3}},"line":8},"1":{"name":"(anonymous_1)","decl":{"start":{"line":17,"column":17},"end":{"line":17,"column":18}},"loc":{"start":{"line":17,"column":28},"end":{"line":21,"column":3}},"line":17},"2":{"name":"(anonymous_2)","decl":{"start":{"line":23,"column":2},"end":{"line":23,"column":3}},"loc":{"start":{"line":23,"column":11},"end":{"line":30,"column":3}},"line":23},"3":{"name":"(anonymous_3)","decl":{"start":{"line":39,"column":24},"end":{"line":39,"column":25}},"loc":{"start":{"line":39,"column":48},"end":{"line":41,"column":1}},"line":39},"4":{"name":"(anonymous_4)","decl":{"start":{"line":43,"column":34},"end":{"line":43,"column":35}},"loc":{"start":{"line":43,"column":47},"end":{"line":46,"column":1}},"line":43},"5":{"name":"(anonymous_5)","decl":{"start":{"line":44,"column":14},"end":{"line":44,"column":15}},"loc":{"start":{"line":44,"column":26},"end":{"line":44,"column":57}},"line":44},"6":{"name":"(anonymous_6)","decl":{"start":{"line":45,"column":18},"end":{"line":45,"column":19}},"loc":{"start":{"line":45,"column":30},"end":{"line":45,"column":60}},"line":45}},"branchMap":{},"s":{"0":1,"1":1,"2":1,"3":1,"4":1,"5":1,"6":3,"7":2,"8":2,"9":3,"10":2,"11":4,"12":2,"13":1},"f":{"0":1,"1":1,"2":3,"3":3,"4":4,"5":2,"6":1},"b":{},"_coverageSchema":"332fd63041d2c1bcb487cc26dd0d5f7d97098a6c","hash":"107b1e285c2d1d39e9c49d4131757538811a46ad"}
,"/Users/judeinno/Desktop/Bootcamp projects/Lms-8.1/Challenge4-Bootcamp-Fronend/src/reducers/index.js": {"path":"/Users/judeinno/Desktop/Bootcamp projects/Lms-8.1/Challenge4-Bootcamp-Fronend/src/reducers/index.js","statementMap":{"0":{"start":{"line":5,"column":16},"end":{"line":8,"column":2}}},"fnMap":{},"branchMap":{},"s":{"0":1},"f":{},"b":{},"_coverageSchema":"332fd63041d2c1bcb487cc26dd0d5f7d97098a6c","hash":"c3200b28a6e77df9b9021ee49350aebe46813625"}
,"/Users/judeinno/Desktop/Bootcamp projects/Lms-8.1/Challenge4-Bootcamp-Fronend/src/reducers/loginReducer/index.js": {"path":"/Users/judeinno/Desktop/Bootcamp projects/Lms-8.1/Challenge4-Bootcamp-Fronend/src/reducers/loginReducer/index.js","statementMap":{"0":{"start":{"line":4,"column":21},"end":{"line":11,"column":1}},"1":{"start":{"line":5,"column":2},"end":{"line":10,"column":3}},"2":{"start":{"line":7,"column":6},"end":{"line":7,"column":19}},"3":{"start":{"line":9,"column":6},"end":{"line":9,"column":19}}},"fnMap":{"0":{"name":"(anonymous_0)","decl":{"start":{"line":4,"column":21},"end":{"line":4,"column":22}},"loc":{"start":{"line":4,"column":72},"end":{"line":11,"column":1}},"line":4}},"branchMap":{"0":{"loc":{"start":{"line":4,"column":22},"end":{"line":4,"column":59}},"type":"default-arg","locations":[{"start":{"line":4,"column":30},"end":{"line":4,"column":59}}],"line":4},"1":{"loc":{"start":{"line":5,"column":2},"end":{"line":10,"column":3}},"type":"switch","locations":[{"start":{"line":6,"column":4},"end":{"line":7,"column":19}},{"start":{"line":8,"column":4},"end":{"line":9,"column":19}}],"line":5}},"s":{"0":1,"1":3,"2":0,"3":3},"f":{"0":3},"b":{"0":[3],"1":[0,3]},"_coverageSchema":"332fd63041d2c1bcb487cc26dd0d5f7d97098a6c","hash":"f5912272cf30835c5c21bf0a0d50560b8be46b0c"}
,"/Users/judeinno/Desktop/Bootcamp projects/Lms-8.1/Challenge4-Bootcamp-Fronend/src/reducers/signupReducer/index.js": {"path":"/Users/judeinno/Desktop/Bootcamp projects/Lms-8.1/Challenge4-Bootcamp-Fronend/src/reducers/signupReducer/index.js","statementMap":{"0":{"start":{"line":5,"column":20},"end":{"line":6,"column":1}},"1":{"start":{"line":8,"column":22},"end":{"line":25,"column":1}},"2":{"start":{"line":9,"column":2},"end":{"line":24,"column":3}},"3":{"start":{"line":11,"column":6},"end":{"line":11,"column":78}},"4":{"start":{"line":12,"column":6},"end":{"line":12,"column":64}},"5":{"start":{"line":12,"column":23},"end":{"line":12,"column":56}},"6":{"start":{"line":13,"column":6},"end":{"line":13,"column":54}},"7":{"start":{"line":16,"column":6},"end":{"line":16,"column":80}},"8":{"start":{"line":17,"column":6},"end":{"line":17,"column":71}},"9":{"start":{"line":20,"column":6},"end":{"line":20,"column":58}},"10":{"start":{"line":23,"column":6},"end":{"line":23,"column":19}}},"fnMap":{"0":{"name":"(anonymous_0)","decl":{"start":{"line":8,"column":22},"end":{"line":8,"column":23}},"loc":{"start":{"line":8,"column":55},"end":{"line":25,"column":1}},"line":8},"1":{"name":"(anonymous_1)","decl":{"start":{"line":12,"column":17},"end":{"line":12,"column":18}},"loc":{"start":{"line":12,"column":23},"end":{"line":12,"column":56}},"line":12}},"branchMap":{"0":{"loc":{"start":{"line":8,"column":23},"end":{"line":8,"column":42}},"type":"default-arg","locations":[{"start":{"line":8,"column":31},"end":{"line":8,"column":42}}],"line":8},"1":{"loc":{"start":{"line":9,"column":2},"end":{"line":24,"column":3}},"type":"switch","locations":[{"start":{"line":10,"column":4},"end":{"line":13,"column":54}},{"start":{"line":15,"column":4},"end":{"line":17,"column":71}},{"start":{"line":19,"column":4},"end":{"line":20,"column":58}},{"start":{"line":22,"column":4},"end":{"line":23,"column":19}}],"line":9}},"s":{"0":2,"1":2,"2":6,"3":1,"4":1,"5":0,"6":1,"7":0,"8":0,"9":1,"10":4},"f":{"0":6,"1":0},"b":{"0":[4],"1":[1,0,1,4]},"_coverageSchema":"332fd63041d2c1bcb487cc26dd0d5f7d97098a6c","hash":"c349e7e5360704484568d7e2f8a9ed197220c50f"}
}
