{"/Users/judeinno/Desktop/Bootcamp projects/Lms-8.1/Challenge4-Bootcamp-Fronend/src/actions/actionTypes.js": {"path":"/Users/judeinno/Desktop/Bootcamp projects/Lms-8.1/Challenge4-Bootcamp-Fronend/src/actions/actionTypes.js","statementMap":{"0":{"start":{"line":1,"column":20},"end":{"line":1,"column":0}}},"fnMap":{},"branchMap":{},"s":{"0":0},"f":{},"b":{}}
,"/Users/judeinno/Desktop/Bootcamp projects/Lms-8.1/Challenge4-Bootcamp-Fronend/src/commons/history.js": {"path":"/Users/judeinno/Desktop/Bootcamp projects/Lms-8.1/Challenge4-Bootcamp-Fronend/src/commons/history.js","statementMap":{},"fnMap":{},"branchMap":{},"s":{},"f":{},"b":{},"_coverageSchema":"332fd63041d2c1bcb487cc26dd0d5f7d97098a6c","hash":"eed5cafefa86cab642dcc891c8f75ccc9b2c9fea"}
,"/Users/judeinno/Desktop/Bootcamp projects/Lms-8.1/Challenge4-Bootcamp-Fronend/src/components/App/index.js": {"path":"/Users/judeinno/Desktop/Bootcamp projects/Lms-8.1/Challenge4-Bootcamp-Fronend/src/components/App/index.js","statementMap":{"0":{"start":{"line":9,"column":12},"end":{"line":20,"column":1}},"1":{"start":{"line":10,"column":2},"end":{"line":19,"column":11}}},"fnMap":{"0":{"name":"(anonymous_0)","decl":{"start":{"line":9,"column":12},"end":{"line":9,"column":13}},"loc":{"start":{"line":10,"column":2},"end":{"line":19,"column":11}},"line":10}},"branchMap":{},"s":{"0":1,"1":1},"f":{"0":1},"b":{},"_coverageSchema":"332fd63041d2c1bcb487cc26dd0d5f7d97098a6c","hash":"4ca3a760100aa4fcb33e6714491a6cbfc4d4e15c"}
,"/Users/judeinno/Desktop/Bootcamp projects/Lms-8.1/Challenge4-Bootcamp-Fronend/src/components/Home/index.js": {"path":"/Users/judeinno/Desktop/Bootcamp projects/Lms-8.1/Challenge4-Bootcamp-Fronend/src/components/Home/index.js","statementMap":{"0":{"start":{"line":3,"column":14},"end":{"line":7,"column":1}},"1":{"start":{"line":4,"column":2},"end":{"line":6,"column":8}}},"fnMap":{"0":{"name":"(anonymous_0)","decl":{"start":{"line":3,"column":14},"end":{"line":3,"column":15}},"loc":{"start":{"line":4,"column":2},"end":{"line":6,"column":8}},"line":4}},"branchMap":{},"s":{"0":1,"1":0},"f":{"0":0},"b":{},"_coverageSchema":"332fd63041d2c1bcb487cc26dd0d5f7d97098a6c","hash":"75fbd4762c51c6317d5e45dec6e5236d8015a4d4"}
,"/Users/judeinno/Desktop/Bootcamp projects/Lms-8.1/Challenge4-Bootcamp-Fronend/src/components/header/index.js": {"path":"/Users/judeinno/Desktop/Bootcamp projects/Lms-8.1/Challenge4-Bootcamp-Fronend/src/components/header/index.js","statementMap":{"0":{"start":{"line":4,"column":15},"end":{"line":12,"column":1}},"1":{"start":{"line":5,"column":2},"end":{"line":11,"column":8}}},"fnMap":{"0":{"name":"(anonymous_0)","decl":{"start":{"line":4,"column":15},"end":{"line":4,"column":16}},"loc":{"start":{"line":5,"column":2},"end":{"line":11,"column":8}},"line":5}},"branchMap":{},"s":{"0":1,"1":0},"f":{"0":0},"b":{},"_coverageSchema":"332fd63041d2c1bcb487cc26dd0d5f7d97098a6c","hash":"ef5834e9acd15aa52ef141ac837687a3433a94da"}
,"/Users/judeinno/Desktop/Bootcamp projects/Lms-8.1/Challenge4-Bootcamp-Fronend/src/components/login/index.js": {"path":"/Users/judeinno/Desktop/Bootcamp projects/Lms-8.1/Challenge4-Bootcamp-Fronend/src/components/login/index.js","statementMap":{"0":{"start":{"line":5,"column":14},"end":{"line":9,"column":1}},"1":{"start":{"line":6,"column":2},"end":{"line":8,"column":8}},"2":{"start":{"line":11,"column":0},"end":{"line":13,"column":2}}},"fnMap":{"0":{"name":"(anonymous_0)","decl":{"start":{"line":5,"column":14},"end":{"line":5,"column":15}},"loc":{"start":{"line":6,"column":2},"end":{"line":8,"column":8}},"line":6}},"branchMap":{},"s":{"0":2,"1":0,"2":2},"f":{"0":0},"b":{},"_coverageSchema":"332fd63041d2c1bcb487cc26dd0d5f7d97098a6c","hash":"15f157e9b44f61a388b3da3427e0ca53d1bf5d34"}
,"/Users/judeinno/Desktop/Bootcamp projects/Lms-8.1/Challenge4-Bootcamp-Fronend/src/components/signup/index.js": {"path":"/Users/judeinno/Desktop/Bootcamp projects/Lms-8.1/Challenge4-Bootcamp-Fronend/src/components/signup/index.js","statementMap":{"0":{"start":{"line":5,"column":15},"end":{"line":9,"column":1}},"1":{"start":{"line":6,"column":2},"end":{"line":8,"column":8}},"2":{"start":{"line":11,"column":0},"end":{"line":13,"column":2}}},"fnMap":{"0":{"name":"(anonymous_0)","decl":{"start":{"line":5,"column":15},"end":{"line":5,"column":16}},"loc":{"start":{"line":6,"column":2},"end":{"line":8,"column":8}},"line":6}},"branchMap":{},"s":{"0":1,"1":0,"2":1},"f":{"0":0},"b":{},"_coverageSchema":"332fd63041d2c1bcb487cc26dd0d5f7d97098a6c","hash":"5f6de8a6c2d1b5dcc7e0e1729d1906aea672790b"}
,"/Users/judeinno/Desktop/Bootcamp projects/Lms-8.1/Challenge4-Bootcamp-Fronend/src/containers/LoginPage/index.js": {"path":"/Users/judeinno/Desktop/Bootcamp projects/Lms-8.1/Challenge4-Bootcamp-Fronend/src/containers/LoginPage/index.js","statementMap":{"0":{"start":{"line":8,"column":24},"end":{"line":8,"column":34}},"1":{"start":{"line":9,"column":4},"end":{"line":11,"column":6}},"2":{"start":{"line":15,"column":0},"end":{"line":17,"column":2}},"3":{"start":{"line":19,"column":24},"end":{"line":21,"column":2}},"4":{"start":{"line":19,"column":47},"end":{"line":21,"column":1}}},"fnMap":{"0":{"name":"(anonymous_0)","decl":{"start":{"line":7,"column":2},"end":{"line":7,"column":3}},"loc":{"start":{"line":7,"column":11},"end":{"line":12,"column":3}},"line":7},"1":{"name":"(anonymous_1)","decl":{"start":{"line":19,"column":24},"end":{"line":19,"column":25}},"loc":{"start":{"line":19,"column":47},"end":{"line":21,"column":1}},"line":19}},"branchMap":{},"s":{"0":0,"1":0,"2":1,"3":1,"4":0},"f":{"0":0,"1":0},"b":{},"_coverageSchema":"332fd63041d2c1bcb487cc26dd0d5f7d97098a6c","hash":"569bfaf3fd197f61fa9e9750c11b0cbd733bdbb4"}
,"/Users/judeinno/Desktop/Bootcamp projects/Lms-8.1/Challenge4-Bootcamp-Fronend/src/containers/SignUpPage/index.js": {"path":"/Users/judeinno/Desktop/Bootcamp projects/Lms-8.1/Challenge4-Bootcamp-Fronend/src/containers/SignUpPage/index.js","statementMap":{"0":{"start":{"line":8,"column":28},"end":{"line":8,"column":38}},"1":{"start":{"line":9,"column":4},"end":{"line":11,"column":6}},"2":{"start":{"line":15,"column":0},"end":{"line":17,"column":2}},"3":{"start":{"line":19,"column":24},"end":{"line":21,"column":2}},"4":{"start":{"line":19,"column":48},"end":{"line":21,"column":1}}},"fnMap":{"0":{"name":"(anonymous_0)","decl":{"start":{"line":7,"column":2},"end":{"line":7,"column":3}},"loc":{"start":{"line":7,"column":11},"end":{"line":12,"column":3}},"line":7},"1":{"name":"(anonymous_1)","decl":{"start":{"line":19,"column":24},"end":{"line":19,"column":25}},"loc":{"start":{"line":19,"column":48},"end":{"line":21,"column":1}},"line":19}},"branchMap":{},"s":{"0":0,"1":0,"2":1,"3":1,"4":0},"f":{"0":0,"1":0},"b":{},"_coverageSchema":"332fd63041d2c1bcb487cc26dd0d5f7d97098a6c","hash":"60f42e5e5117857c8e54dff3e9b73c787c1ceef0"}
,"/Users/judeinno/Desktop/Bootcamp projects/Lms-8.1/Challenge4-Bootcamp-Fronend/src/reducers/index.js": {"path":"/Users/judeinno/Desktop/Bootcamp projects/Lms-8.1/Challenge4-Bootcamp-Fronend/src/reducers/index.js","statementMap":{"0":{"start":{"line":1,"column":0},"end":{"line":null,"column":-1}},"1":{"start":{"line":2,"column":0},"end":{"line":null,"column":-1}},"2":{"start":{"line":3,"column":0},"end":{"line":null,"column":-1}},"3":{"start":{"line":5,"column":16},"end":{"line":5,"column":0}}},"fnMap":{},"branchMap":{},"s":{"0":0,"1":0,"2":0,"3":0},"f":{},"b":{}}
,"/Users/judeinno/Desktop/Bootcamp projects/Lms-8.1/Challenge4-Bootcamp-Fronend/src/reducers/loginReducer/index.js": {"path":"/Users/judeinno/Desktop/Bootcamp projects/Lms-8.1/Challenge4-Bootcamp-Fronend/src/reducers/loginReducer/index.js","statementMap":{"0":{"start":{"line":1,"column":0},"end":{"line":null,"column":-1}},"1":{"start":{"line":4,"column":21},"end":{"line":4,"column":0}},"2":{"start":{"line":4,"column":72},"end":{"line":4,"column":71}},"3":{"start":{"line":4,"column":72},"end":{"line":null,"column":-1}},"4":{"start":{"line":5,"column":2},"end":{"line":null,"column":-1}},"5":{"start":{"line":7,"column":6},"end":{"line":null,"column":-1}},"6":{"start":{"line":9,"column":6},"end":{"line":null,"column":-1}}},"fnMap":{"0":{"name":"loginReducer","decl":{"start":{"line":4,"column":6},"end":{"line":4,"column":21}},"loc":{"start":{"line":4,"column":72},"end":{"line":4,"column":0}}}},"branchMap":{"0":{"loc":{"start":{"line":4,"column":72},"end":{"line":4,"column":29}},"type":"cond-expr","locations":[{"start":{"line":4,"column":72},"end":{"line":4,"column":29}},{"start":{"line":4,"column":30},"end":{"line":4,"column":72}}]},"1":{"loc":{"start":{"line":4,"column":72},"end":{"line":4,"column":29}},"type":"binary-expr","locations":[{"start":{"line":4,"column":72},"end":{"line":4,"column":29}},{"start":{"line":4,"column":72},"end":{"line":4,"column":29}}]},"2":{"loc":{"start":{"line":4,"column":72},"end":{"line":null,"column":-1}},"type":"cond-expr","locations":[{"start":{"line":4,"column":72},"end":{"line":null,"column":-1}},{"start":{"line":4,"column":72},"end":{"line":null,"column":-1}}]},"3":{"loc":{"start":{"line":6,"column":4},"end":{"line":7,"column":6}},"type":"switch","locations":[{"start":{"line":6,"column":4},"end":{"line":7,"column":6}},{"start":{"line":8,"column":4},"end":{"line":9,"column":6}}]}},"s":{"0":0,"1":0,"2":0,"3":0,"4":0,"5":0,"6":0},"f":{"0":0},"b":{"0":[0,0],"1":[0,0],"2":[0,0],"3":[0,0]}}
,"/Users/judeinno/Desktop/Bootcamp projects/Lms-8.1/Challenge4-Bootcamp-Fronend/src/reducers/signupReducer/index.js": {"path":"/Users/judeinno/Desktop/Bootcamp projects/Lms-8.1/Challenge4-Bootcamp-Fronend/src/reducers/signupReducer/index.js","statementMap":{"0":{"start":{"line":1,"column":0},"end":{"line":null,"column":-1}},"1":{"start":{"line":4,"column":22},"end":{"line":4,"column":0}},"2":{"start":{"line":4,"column":77},"end":{"line":4,"column":76}},"3":{"start":{"line":4,"column":77},"end":{"line":null,"column":-1}},"4":{"start":{"line":5,"column":2},"end":{"line":null,"column":-1}},"5":{"start":{"line":7,"column":6},"end":{"line":null,"column":-1}},"6":{"start":{"line":9,"column":6},"end":{"line":null,"column":-1}}},"fnMap":{"0":{"name":"signupReducer","decl":{"start":{"line":4,"column":6},"end":{"line":4,"column":22}},"loc":{"start":{"line":4,"column":77},"end":{"line":4,"column":0}}}},"branchMap":{"0":{"loc":{"start":{"line":4,"column":77},"end":{"line":4,"column":30}},"type":"cond-expr","locations":[{"start":{"line":4,"column":77},"end":{"line":4,"column":30}},{"start":{"line":4,"column":31},"end":{"line":4,"column":77}}]},"1":{"loc":{"start":{"line":4,"column":77},"end":{"line":4,"column":30}},"type":"binary-expr","locations":[{"start":{"line":4,"column":77},"end":{"line":4,"column":30}},{"start":{"line":4,"column":77},"end":{"line":4,"column":30}}]},"2":{"loc":{"start":{"line":4,"column":77},"end":{"line":null,"column":-1}},"type":"cond-expr","locations":[{"start":{"line":4,"column":77},"end":{"line":null,"column":-1}},{"start":{"line":4,"column":77},"end":{"line":null,"column":-1}}]},"3":{"loc":{"start":{"line":6,"column":4},"end":{"line":7,"column":6}},"type":"switch","locations":[{"start":{"line":6,"column":4},"end":{"line":7,"column":6}},{"start":{"line":8,"column":4},"end":{"line":9,"column":6}}]}},"s":{"0":0,"1":0,"2":0,"3":0,"4":0,"5":0,"6":0},"f":{"0":0},"b":{"0":[0,0],"1":[0,0],"2":[0,0],"3":[0,0]}}
}
