TN:
SF:/Users/judeinno/Desktop/Bootcamp projects/Lms-8.1/Challenge4-Bootcamp-Fronend/src/actions/actionTypes.js
FNF:0
FNH:0
DA:1,0
LF:1
LH:0
BRF:0
BRH:0
end_of_record
TN:
SF:/Users/judeinno/Desktop/Bootcamp projects/Lms-8.1/Challenge4-Bootcamp-Fronend/src/commons/history.js
FNF:0
FNH:0
LF:0
LH:0
BRF:0
BRH:0
end_of_record
TN:
SF:/Users/judeinno/Desktop/Bootcamp projects/Lms-8.1/Challenge4-Bootcamp-Fronend/src/components/App/index.js
FN:9,(anonymous_0)
FNF:1
FNH:1
FNDA:1,(anonymous_0)
DA:9,1
DA:10,1
LF:2
LH:2
BRF:0
BRH:0
end_of_record
TN:
SF:/Users/judeinno/Desktop/Bootcamp projects/Lms-8.1/Challenge4-Bootcamp-Fronend/src/components/Home/index.js
FN:3,(anonymous_0)
FNF:1
FNH:0
FNDA:0,(anonymous_0)
DA:3,1
DA:4,0
LF:2
LH:1
BRF:0
BRH:0
end_of_record
TN:
SF:/Users/judeinno/Desktop/Bootcamp projects/Lms-8.1/Challenge4-Bootcamp-Fronend/src/components/header/index.js
FN:4,(anonymous_0)
FNF:1
FNH:0
FNDA:0,(anonymous_0)
DA:4,1
DA:5,0
LF:2
LH:1
BRF:0
BRH:0
end_of_record
TN:
SF:/Users/judeinno/Desktop/Bootcamp projects/Lms-8.1/Challenge4-Bootcamp-Fronend/src/components/login/index.js
FN:5,(anonymous_0)
FNF:1
FNH:0
FNDA:0,(anonymous_0)
DA:5,2
DA:6,0
DA:11,2
LF:3
LH:2
BRF:0
BRH:0
end_of_record
TN:
SF:/Users/judeinno/Desktop/Bootcamp projects/Lms-8.1/Challenge4-Bootcamp-Fronend/src/components/signup/index.js
FN:5,(anonymous_0)
FNF:1
FNH:0
FNDA:0,(anonymous_0)
DA:5,1
DA:6,0
DA:11,1
LF:3
LH:2
BRF:0
BRH:0
end_of_record
TN:
SF:/Users/judeinno/Desktop/Bootcamp projects/Lms-8.1/Challenge4-Bootcamp-Fronend/src/containers/LoginPage/index.js
FN:7,(anonymous_0)
FN:19,(anonymous_1)
FNF:2
FNH:0
FNDA:0,(anonymous_0)
FNDA:0,(anonymous_1)
DA:8,0
DA:9,0
DA:15,1
DA:19,1
LF:4
LH:2
BRF:0
BRH:0
end_of_record
TN:
SF:/Users/judeinno/Desktop/Bootcamp projects/Lms-8.1/Challenge4-Bootcamp-Fronend/src/containers/SignUpPage/index.js
FN:7,(anonymous_0)
FN:19,(anonymous_1)
FNF:2
FNH:0
FNDA:0,(anonymous_0)
FNDA:0,(anonymous_1)
DA:8,0
DA:9,0
DA:15,1
DA:19,1
LF:4
LH:2
BRF:0
BRH:0
end_of_record
TN:
SF:/Users/judeinno/Desktop/Bootcamp projects/Lms-8.1/Challenge4-Bootcamp-Fronend/src/reducers/index.js
FNF:0
FNH:0
DA:1,0
DA:2,0
DA:3,0
DA:5,0
LF:4
LH:0
BRF:0
BRH:0
end_of_record
TN:
SF:/Users/judeinno/Desktop/Bootcamp projects/Lms-8.1/Challenge4-Bootcamp-Fronend/src/reducers/loginReducer/index.js
FN:4,loginReducer
FNF:1
FNH:0
FNDA:0,loginReducer
DA:1,0
DA:4,0
DA:5,0
DA:7,0
DA:9,0
LF:5
LH:0
BRDA:4,0,0,0
BRDA:4,0,1,0
BRDA:4,1,0,0
BRDA:4,1,1,0
BRDA:4,2,0,0
BRDA:4,2,1,0
BRDA:6,3,0,0
BRDA:6,3,1,0
BRF:8
BRH:0
end_of_record
TN:
SF:/Users/judeinno/Desktop/Bootcamp projects/Lms-8.1/Challenge4-Bootcamp-Fronend/src/reducers/signupReducer/index.js
FN:4,signupReducer
FNF:1
FNH:0
FNDA:0,signupReducer
DA:1,0
DA:4,0
DA:5,0
DA:7,0
DA:9,0
LF:5
LH:0
BRDA:4,0,0,0
BRDA:4,0,1,0
BRDA:4,1,0,0
BRDA:4,1,1,0
BRDA:4,2,0,0
BRDA:4,2,1,0
BRDA:6,3,0,0
BRDA:6,3,1,0
BRF:8
BRH:0
end_of_record
