TN:
SF:/Users/judeinno/Desktop/Bootcamp projects/Lms-8.1/Challenge4-Bootcamp-Fronend/src/actions/actionTypes.js
FNF:0
FNH:0
DA:1,5
LF:1
LH:1
BRF:0
BRH:0
end_of_record
TN:
SF:/Users/judeinno/Desktop/Bootcamp projects/Lms-8.1/Challenge4-Bootcamp-Fronend/src/actions/swalAlerts.js
FNF:0
FNH:0
DA:1,2
LF:1
LH:1
BRF:0
BRH:0
end_of_record
TN:
SF:/Users/judeinno/Desktop/Bootcamp projects/Lms-8.1/Challenge4-Bootcamp-Fronend/src/actions/signupActions/index.js
FN:4,(anonymous_0)
FN:9,(anonymous_1)
FN:14,(anonymous_2)
FN:19,(anonymous_3)
FN:19,(anonymous_4)
FN:25,(anonymous_5)
FN:29,(anonymous_6)
FNF:7
FNH:7
FNDA:1,(anonymous_0)
FNDA:2,(anonymous_1)
FNDA:1,(anonymous_2)
FNDA:4,(anonymous_3)
FNDA:3,(anonymous_4)
FNDA:1,(anonymous_5)
FNDA:1,(anonymous_6)
DA:4,3
DA:9,3
DA:14,3
DA:19,4
DA:20,3
DA:23,3
DA:24,3
DA:26,1
DA:27,1
DA:28,1
DA:30,1
DA:31,1
DA:32,1
LF:13
LH:13
BRF:0
BRH:0
end_of_record
TN:
SF:/Users/judeinno/Desktop/Bootcamp projects/Lms-8.1/Challenge4-Bootcamp-Fronend/src/commons/history.js
FNF:0
FNH:0
LF:0
LH:0
BRF:0
BRH:0
end_of_record
TN:
SF:/Users/judeinno/Desktop/Bootcamp projects/Lms-8.1/Challenge4-Bootcamp-Fronend/src/components/App/index.js
FN:10,(anonymous_0)
FNF:1
FNH:1
FNDA:1,(anonymous_0)
DA:10,1
DA:11,1
LF:2
LH:2
BRF:0
BRH:0
end_of_record
TN:
SF:/Users/judeinno/Desktop/Bootcamp projects/Lms-8.1/Challenge4-Bootcamp-Fronend/src/components/Footer/index.js
FN:4,(anonymous_0)
FNF:1
FNH:1
FNDA:1,(anonymous_0)
DA:4,2
DA:5,1
LF:2
LH:2
BRF:0
BRH:0
end_of_record
TN:
SF:/Users/judeinno/Desktop/Bootcamp projects/Lms-8.1/Challenge4-Bootcamp-Fronend/src/components/Home/index.js
FN:3,(anonymous_0)
FNF:1
FNH:1
FNDA:1,(anonymous_0)
DA:3,2
DA:4,1
LF:2
LH:2
BRF:0
BRH:0
end_of_record
TN:
SF:/Users/judeinno/Desktop/Bootcamp projects/Lms-8.1/Challenge4-Bootcamp-Fronend/src/components/header/index.js
FN:4,(anonymous_0)
FNF:1
FNH:1
FNDA:1,(anonymous_0)
DA:4,2
DA:5,1
LF:2
LH:2
BRF:0
BRH:0
end_of_record
TN:
SF:/Users/judeinno/Desktop/Bootcamp projects/Lms-8.1/Challenge4-Bootcamp-Fronend/src/components/login/index.js
FN:5,(anonymous_0)
FNF:1
FNH:1
FNDA:1,(anonymous_0)
DA:5,2
DA:6,1
DA:11,2
LF:3
LH:3
BRF:0
BRH:0
end_of_record
TN:
SF:/Users/judeinno/Desktop/Bootcamp projects/Lms-8.1/Challenge4-Bootcamp-Fronend/src/components/signup/index.js
FN:5,(anonymous_0)
FNF:1
FNH:1
FNDA:4,(anonymous_0)
DA:5,3
DA:6,4
DA:51,3
LF:3
LH:3
BRF:0
BRH:0
end_of_record
TN:
SF:/Users/judeinno/Desktop/Bootcamp projects/Lms-8.1/Challenge4-Bootcamp-Fronend/src/containers/LoginPage/index.js
FN:7,(anonymous_0)
FN:19,(anonymous_1)
FNF:2
FNH:0
FNDA:0,(anonymous_0)
FNDA:0,(anonymous_1)
DA:8,0
DA:9,0
DA:15,1
DA:19,1
LF:4
LH:2
BRF:0
BRH:0
end_of_record
TN:
SF:/Users/judeinno/Desktop/Bootcamp projects/Lms-8.1/Challenge4-Bootcamp-Fronend/src/containers/SignUpPage/index.js
FN:8,(anonymous_0)
FN:17,(anonymous_1)
FN:23,(anonymous_2)
FN:39,(anonymous_3)
FN:43,(anonymous_4)
FN:44,(anonymous_5)
FN:45,(anonymous_6)
FNF:7
FNH:7
FNDA:1,(anonymous_0)
FNDA:1,(anonymous_1)
FNDA:3,(anonymous_2)
FNDA:3,(anonymous_3)
FNDA:4,(anonymous_4)
FNDA:2,(anonymous_5)
FNDA:1,(anonymous_6)
DA:9,1
DA:10,1
DA:11,1
DA:18,1
DA:19,1
DA:20,1
DA:24,3
DA:33,2
DA:39,3
DA:43,4
DA:44,2
DA:45,1
LF:12
LH:12
BRF:0
BRH:0
end_of_record
TN:
SF:/Users/judeinno/Desktop/Bootcamp projects/Lms-8.1/Challenge4-Bootcamp-Fronend/src/reducers/index.js
FNF:0
FNH:0
DA:5,1
LF:1
LH:1
BRF:0
BRH:0
end_of_record
TN:
SF:/Users/judeinno/Desktop/Bootcamp projects/Lms-8.1/Challenge4-Bootcamp-Fronend/src/reducers/loginReducer/index.js
FN:4,(anonymous_0)
FNF:1
FNH:1
FNDA:3,(anonymous_0)
DA:4,1
DA:5,3
DA:7,0
DA:9,3
LF:4
LH:3
BRDA:4,0,0,3
BRDA:5,1,0,0
BRDA:5,1,1,3
BRF:3
BRH:2
end_of_record
TN:
SF:/Users/judeinno/Desktop/Bootcamp projects/Lms-8.1/Challenge4-Bootcamp-Fronend/src/reducers/signupReducer/index.js
FN:8,(anonymous_0)
FN:12,(anonymous_1)
FNF:2
FNH:1
FNDA:6,(anonymous_0)
FNDA:0,(anonymous_1)
DA:5,2
DA:8,2
DA:9,6
DA:11,1
DA:12,1
DA:13,1
DA:16,0
DA:17,0
DA:20,1
DA:23,4
LF:10
LH:8
BRDA:8,0,0,4
BRDA:9,1,0,1
BRDA:9,1,1,0
BRDA:9,1,2,1
BRDA:9,1,3,4
BRF:5
BRH:4
end_of_record
